<?xml version="1.0" encoding="UTF-8"?>
<!-- Generated by org.testng.reporters.JUnitReportReporter -->
<testsuite hostname="amir-HP-Pavilion-15-Notebook-PC" name="shopizer.PageSteps.RegistrationTest" tests="1" failures="0" timestamp="20 Mar 2017 09:59:22 GMT" time="8.961" errors="0">
  <testcase name="userRegistration" time="8.961" classname="shopizer.PageSteps.RegistrationTest"/>
</testsuite> <!-- shopizer.PageSteps.RegistrationTest -->
