<?xml version="1.0" encoding="UTF-8"?>
<!-- Generated by org.testng.reporters.JUnitReportReporter -->
<testsuite hostname="amir-HP-Pavilion-15-Notebook-PC" name="shopizer.PageSteps.BusinessPageTest" tests="7" failures="0" timestamp="20 Mar 2017 09:59:22 GMT" time="87.135" errors="0">
  <testcase name="TC_003_Verify_Search_By_entering_min_max_price" time="24.860" classname="shopizer.PageSteps.BusinessPageTest"/>
  <testcase name="TC_004_Verify_ItemOrder_Completion" time="44.982" classname="shopizer.PageSteps.BusinessPageTest"/>
  <testcase name="TC_007_Verify_facebook_share_link" time="12.048" classname="shopizer.PageSteps.BusinessPageTest"/>
  <testcase name="TC_006_Verify_AllPublisherLink" time="0.640" classname="shopizer.PageSteps.BusinessPageTest"/>
  <testcase name="TC_01_Verify_Book_Search_ByName" time="0.118" classname="shopizer.PageSteps.BusinessPageTest"/>
  <testcase name="TC_002_Verify_Search_ByPrice" time="2.653" classname="shopizer.PageSteps.BusinessPageTest"/>
  <testcase name="TC_005_Verify_publisherLink" time="1.834" classname="shopizer.PageSteps.BusinessPageTest"/>
</testsuite> <!-- shopizer.PageSteps.BusinessPageTest -->
