<?xml version="1.0" encoding="UTF-8"?>
<testsuite xmlns:xsi="http://www.w3.org/2001/XMLSchema-instance" xsi:schemaLocation="https://maven.apache.org/surefire/maven-surefire-plugin/xsd/surefire-test-report.xsd" name="TestSuite" time="364.295" tests="17" errors="0" skipped="0" failures="2">
  <properties>
    <property name="java.runtime.name" value="Java(TM) SE Runtime Environment"/>
    <property name="sun.boot.library.path" value="/usr/lib/jvm/java-8-oracle/jre/lib/amd64"/>
    <property name="java.vm.version" value="25.121-b13"/>
    <property name="java.vm.vendor" value="Oracle Corporation"/>
    <property name="maven.multiModuleProjectDirectory" value="/home/amir/workspaceShopizerAutomation/ShopizerAutomation"/>
    <property name="java.vendor.url" value="http://java.oracle.com/"/>
    <property name="path.separator" value=":"/>
    <property name="guice.disable.misplaced.annotation.check" value="true"/>
    <property name="java.vm.name" value="Java HotSpot(TM) 64-Bit Server VM"/>
    <property name="file.encoding.pkg" value="sun.io"/>
    <property name="user.country" value="US"/>
    <property name="sun.java.launcher" value="SUN_STANDARD"/>
    <property name="sun.os.patch.level" value="unknown"/>
    <property name="java.vm.specification.name" value="Java Virtual Machine Specification"/>
    <property name="user.dir" value="/home/amir/workspaceShopizerAutomation/ShopizerAutomation"/>
    <property name="java.runtime.version" value="1.8.0_121-b13"/>
    <property name="java.awt.graphicsenv" value="sun.awt.X11GraphicsEnvironment"/>
    <property name="java.endorsed.dirs" value="/usr/lib/jvm/java-8-oracle/jre/lib/endorsed"/>
    <property name="os.arch" value="amd64"/>
    <property name="java.io.tmpdir" value="/tmp"/>
    <property name="line.separator" value="&#10;"/>
    <property name="java.vm.specification.vendor" value="Oracle Corporation"/>
    <property name="os.name" value="Linux"/>
    <property name="classworlds.conf" value="/usr/share/maven/bin/m2.conf"/>
    <property name="sun.jnu.encoding" value="UTF-8"/>
    <property name="java.library.path" value="/usr/java/packages/lib/amd64:/usr/lib64:/lib64:/lib:/usr/lib"/>
    <property name="java.specification.name" value="Java Platform API Specification"/>
    <property name="java.class.version" value="52.0"/>
    <property name="sun.management.compiler" value="HotSpot 64-Bit Tiered Compilers"/>
    <property name="os.version" value="4.4.0-21-generic"/>
    <property name="user.home" value="/home/amir"/>
    <property name="user.timezone" value="Europe/Oslo"/>
    <property name="java.awt.printerjob" value="sun.print.PSPrinterJob"/>
    <property name="file.encoding" value="UTF-8"/>
    <property name="java.specification.version" value="1.8"/>
    <property name="user.name" value="amir"/>
    <property name="java.class.path" value="/usr/share/maven/boot/plexus-classworlds-2.x.jar"/>
    <property name="java.vm.specification.version" value="1.8"/>
    <property name="sun.arch.data.model" value="64"/>
    <property name="java.home" value="/usr/lib/jvm/java-8-oracle/jre"/>
    <property name="sun.java.command" value="org.codehaus.plexus.classworlds.launcher.Launcher test"/>
    <property name="java.specification.vendor" value="Oracle Corporation"/>
    <property name="user.language" value="en"/>
    <property name="awt.toolkit" value="sun.awt.X11.XToolkit"/>
    <property name="java.vm.info" value="mixed mode"/>
    <property name="java.version" value="1.8.0_121"/>
    <property name="java.ext.dirs" value="/usr/lib/jvm/java-8-oracle/jre/lib/ext:/usr/java/packages/lib/ext"/>
    <property name="securerandom.source" value="file:/dev/./urandom"/>
    <property name="sun.boot.class.path" value="/usr/lib/jvm/java-8-oracle/jre/lib/resources.jar:/usr/lib/jvm/java-8-oracle/jre/lib/rt.jar:/usr/lib/jvm/java-8-oracle/jre/lib/sunrsasign.jar:/usr/lib/jvm/java-8-oracle/jre/lib/jsse.jar:/usr/lib/jvm/java-8-oracle/jre/lib/jce.jar:/usr/lib/jvm/java-8-oracle/jre/lib/charsets.jar:/usr/lib/jvm/java-8-oracle/jre/lib/jfr.jar:/usr/lib/jvm/java-8-oracle/jre/classes"/>
    <property name="java.vendor" value="Oracle Corporation"/>
    <property name="maven.home" value="/usr/share/maven"/>
    <property name="file.separator" value="/"/>
    <property name="java.vendor.url.bug" value="http://bugreport.sun.com/bugreport/"/>
    <property name="sun.cpu.endian" value="little"/>
    <property name="sun.io.unicode.encoding" value="UnicodeLittle"/>
    <property name="sun.cpu.isalist" value=""/>
  </properties>
  <testcase name="loginTest" classname="shopizer.PageSteps.LoginSteps" time="12.28"/>
  <testcase name="TC_001_Verify_Search_ByName" classname="shopizer.PageSteps.ComputerBooksPageTest" time="3.306">
    <failure message="expected [true] but found [false]" type="java.lang.AssertionError">java.lang.AssertionError: expected [true] but found [false]
	at shopizer.PageSteps.ComputerBooksPageTest.TC_001_Verify_Search_ByName(ComputerBooksPageTest.java:66)
</failure>
    <system-out><![CDATA[PASSED: loginTest

===============================================
    LoginTest
    Tests run: 1, Failures: 0, Skips: 0
===============================================

---Test Product
---Android 3.0 Cookbook
---Node Web Development
---Android development
---Spring in Action
---Test Product 5
]]></system-out>
    <system-err><![CDATA[Starting ChromeDriver 2.27.440175 (9bc1d90b8bfa4dd181fbbf769a5eb5e575574320) on port 32194
Only local connections are allowed.
Mar 20, 2017 10:31:25 AM org.openqa.selenium.remote.ProtocolHandshake createSession
INFO: Attempting bi-dialect session, assuming Postel's Law holds true on the remote end
Mar 20, 2017 10:31:26 AM org.openqa.selenium.remote.ProtocolHandshake createSession
INFO: Detected dialect: OSS
]]></system-err>
  </testcase>
  <testcase name="TC_002_Verify_Search_ByPrice" classname="shopizer.PageSteps.ComputerBooksPageTest" time="2.924">
    <failure message="expected [true] but found [false]" type="java.lang.AssertionError">java.lang.AssertionError: expected [true] but found [false]
	at shopizer.PageSteps.ComputerBooksPageTest.TC_002_Verify_Search_ByPrice(ComputerBooksPageTest.java:87)
</failure>
    <system-out><![CDATA[---CAD9.00
---CAD18.99
---CAD29.99
---CAD18.99
---CAD29.98
---CAD56.00
]]></system-out>
  </testcase>
  <testcase name="TC_003_Verify_Search_By_entering_min_max_price" classname="shopizer.PageSteps.ComputerBooksPageTest" time="25.332"/>
  <testcase name="TC_004_Verify_ItemOrder_Completion" classname="shopizer.PageSteps.ComputerBooksPageTest" time="43.691"/>
  <testcase name="TC_005_Verify_publisherLink" classname="shopizer.PageSteps.ComputerBooksPageTest" time="1.812"/>
  <testcase name="TC_006_Verify_AllPublisherLink" classname="shopizer.PageSteps.ComputerBooksPageTest" time="0.68"/>
  <testcase name="TC_002_Verify_Search_ByPrice" classname="shopizer.PageSteps.BusinessPageTest" time="2.425"/>
  <testcase name="TC_003_Verify_Search_By_entering_min_max_price" classname="shopizer.PageSteps.BusinessPageTest" time="24.755"/>
  <testcase name="TC_004_Verify_ItemOrder_Completion" classname="shopizer.PageSteps.BusinessPageTest" time="41.717"/>
  <testcase name="TC_005_Verify_publisherLink" classname="shopizer.PageSteps.BusinessPageTest" time="1.652"/>
  <testcase name="TC_006_Verify_AllPublisherLink" classname="shopizer.PageSteps.BusinessPageTest" time="0.581"/>
  <testcase name="TC_007_Verify_facebook_share_link" classname="shopizer.PageSteps.BusinessPageTest" time="12.083"/>
  <testcase name="TC_01_Verify_Book_Search_ByName" classname="shopizer.PageSteps.BusinessPageTest" time="0.086"/>
  <testcase name="TC_001_Verify_That_UserCan_sent_query_on_ContactUs_Page" classname="shopizer.PageSteps.ContactPageTest" time="45.691"/>
  <testcase name="TC_01_Verify_that_item_added_to_cart" classname="shopizer.PageSteps.OrderReviewTest" time="24.497"/>
  <testcase name="TC_02_VerifyThat_Item_is_removed_from_cart" classname="shopizer.PageSteps.OrderReviewTest" time="26.05"/>
</testsuite>