<?xml version="1.0" encoding="UTF-8"?>
<!-- Generated by org.testng.reporters.JUnitReportReporter -->
<testsuite hostname="amir-HP-Pavilion-15-Notebook-PC" name="shopizer.PageSteps.BusinessPageTest" tests="7" failures="0" timestamp="28 Mar 2017 18:59:29 GMT" time="191.399" errors="0">
  <testcase name="TC_01_Verify_Book_Search_ByName" time="13.294" classname="shopizer.PageSteps.BusinessPageTest"/>
  <testcase name="TC_004_Verify_ItemOrder_Completion" time="62.844" classname="shopizer.PageSteps.BusinessPageTest"/>
  <testcase name="TC_007_Verify_facebook_share_link" time="34.436" classname="shopizer.PageSteps.BusinessPageTest"/>
  <testcase name="TC_003_Verify_Search_By_entering_min_max_price" time="36.449" classname="shopizer.PageSteps.BusinessPageTest"/>
  <testcase name="TC_002_Verify_Search_ByPrice" time="14.115" classname="shopizer.PageSteps.BusinessPageTest"/>
  <testcase name="TC_005_Verify_publisherLink" time="12.934" classname="shopizer.PageSteps.BusinessPageTest"/>
  <testcase name="TC_006_Verify_AllPublisherLink" time="17.327" classname="shopizer.PageSteps.BusinessPageTest"/>
</testsuite> <!-- shopizer.PageSteps.BusinessPageTest -->
