<?xml version="1.0" encoding="UTF-8"?>
<!-- Generated by org.testng.reporters.JUnitReportReporter -->
<testsuite hostname="amir-HP-Pavilion-15-Notebook-PC" name="shopizer.PageSteps.ComputerBooksPageTest" tests="1" failures="0" timestamp="7 Jun 2017 06:07:11 GMT" time="19.095" errors="0">
  <testcase name="TC_001_Verify_Search_ByName" time="19.095" classname="shopizer.PageSteps.ComputerBooksPageTest"/>
</testsuite> <!-- shopizer.PageSteps.ComputerBooksPageTest -->
