<?xml version="1.0" encoding="UTF-8"?>
<!-- Generated by org.testng.reporters.JUnitReportReporter -->
<testsuite hostname="amir-HP-Pavilion-15-Notebook-PC" name="shopizer.PageSteps.BusinessPageTest" tests="4" failures="0" timestamp="9 Mar 2017 18:09:01 GMT" time="60.245" errors="0">
  <testcase name="TC_002_Verify_Search_ByPrice" time="3.931" classname="shopizer.PageSteps.BusinessPageTest"/>
  <testcase name="TC_01_Verify_Book_Search_ByName" time="2.801" classname="shopizer.PageSteps.BusinessPageTest"/>
  <testcase name="TC_005_Verify_facebook_share_link" time="27.692" classname="shopizer.PageSteps.BusinessPageTest"/>
  <testcase name="TC_003_Verify_Search_By_entering_min_max_price" time="25.821" classname="shopizer.PageSteps.BusinessPageTest"/>
</testsuite> <!-- shopizer.PageSteps.BusinessPageTest -->
