<?xml version="1.0" encoding="UTF-8"?>
<!-- Generated by org.testng.reporters.JUnitReportReporter -->
<testsuite hostname="amir-HP-Pavilion-15-Notebook-PC" name="shopizer.PageSteps.OrderReviewTest" tests="2" failures="0" timestamp="8 Mar 2017 20:09:41 GMT" time="57.959" errors="0">
  <testcase name="TC_01_Verify_that_item_added_to_cart" time="28.099" classname="shopizer.PageSteps.OrderReviewTest"/>
  <testcase name="TC_02_VerifyThat_Item_is_removed_from_cart" time="29.860" classname="shopizer.PageSteps.OrderReviewTest"/>
</testsuite> <!-- shopizer.PageSteps.OrderReviewTest -->
