<?xml version="1.0" encoding="UTF-8"?>
<!-- Generated by org.testng.reporters.JUnitReportReporter -->
<testsuite hostname="amir-HP-Pavilion-15-Notebook-PC" name="shopizer.PageSteps.ComputerBooksPageTest" tests="1" failures="0" timestamp="9 Mar 2017 07:43:50 GMT" time="25.388" errors="0">
  <testcase name="TC_006_Verify_AllPublisherLink" time="25.388" classname="shopizer.PageSteps.ComputerBooksPageTest"/>
</testsuite> <!-- shopizer.PageSteps.ComputerBooksPageTest -->
