<?xml version="1.0" encoding="UTF-8"?>
<!-- Generated by org.testng.reporters.JUnitReportReporter -->
<testsuite hostname="amir-HP-Pavilion-15-Notebook-PC" name="shopizer.PageSteps.OrderReviewTest" tests="2" failures="0" timestamp="7 Jun 2017 07:01:43 GMT" time="74.773" errors="0">
  <testcase name="TC_01_Verify_that_item_added_to_cart" time="35.549" classname="shopizer.PageSteps.OrderReviewTest"/>
  <testcase name="TC_02_VerifyThat_Item_is_removed_from_cart" time="39.224" classname="shopizer.PageSteps.OrderReviewTest"/>
</testsuite> <!-- shopizer.PageSteps.OrderReviewTest -->
