<?xml version="1.0" encoding="UTF-8"?>
<!-- Generated by org.testng.reporters.JUnitReportReporter -->
<testsuite hostname="amir-HP-Pavilion-15-Notebook-PC" name="shopizer.PageSteps.RegistrationTest" tests="1" failures="0" timestamp="8 Mar 2017 07:26:42 GMT" time="17.384" errors="0">
  <testcase name="userRegistration" time="17.384" classname="shopizer.PageSteps.RegistrationTest"/>
</testsuite> <!-- shopizer.PageSteps.RegistrationTest -->
