<?xml version="1.0" encoding="UTF-8"?>
<!-- Generated by org.testng.reporters.JUnitReportReporter -->
<testsuite hostname="amir-HP-Pavilion-15-Notebook-PC" name="shopizer.PageSteps.RegistrationTest" tests="1" failures="0" timestamp="7 Jun 2017 05:25:11 GMT" time="12.836" errors="0">
  <testcase name="userRegistration" time="12.836" classname="shopizer.PageSteps.RegistrationTest"/>
</testsuite> <!-- shopizer.PageSteps.RegistrationTest -->
