<?xml version="1.0" encoding="UTF-8"?>
<!-- Generated by org.testng.reporters.JUnitReportReporter -->
<testsuite hostname="amir-HP-Pavilion-15-Notebook-PC" name="shopizer.PageSteps.VideoPageTest" tests="1" failures="0" timestamp="20 Mar 2017 09:59:22 GMT" time="26.526" errors="0">
  <testcase name="TC_001_verify_video_streaming" time="26.526" classname="shopizer.PageSteps.VideoPageTest"/>
</testsuite> <!-- shopizer.PageSteps.VideoPageTest -->
