<?xml version="1.0" encoding="UTF-8"?>
<!-- Generated by org.testng.reporters.JUnitReportReporter -->
<testsuite hostname="amir-HP-Pavilion-15-Notebook-PC" name="shopizer.PageSteps.OrderReviewTest" tests="1" failures="0" timestamp="7 Jun 2017 06:14:04 GMT" time="157.471" errors="0">
  <testcase name="TC_02_VerifyThat_Item_is_removed_from_cart" time="157.471" classname="shopizer.PageSteps.OrderReviewTest"/>
</testsuite> <!-- shopizer.PageSteps.OrderReviewTest -->
