<?xml version="1.0" encoding="UTF-8"?>
<!-- Generated by org.testng.reporters.JUnitReportReporter -->
<testsuite hostname="amir-HP-Pavilion-15-Notebook-PC" name="shopizer.PageSteps.ContactPageTest" tests="1" failures="0" timestamp="20 Mar 2017 09:59:22 GMT" time="45.536" errors="0">
  <testcase name="TC_001_Verify_That_UserCan_sent_query_on_ContactUs_Page" time="45.536" classname="shopizer.PageSteps.ContactPageTest"/>
</testsuite> <!-- shopizer.PageSteps.ContactPageTest -->
