<?xml version="1.0" encoding="UTF-8"?>
<!-- Generated by org.testng.reporters.JUnitReportReporter -->
<testsuite hostname="amir-HP-Pavilion-15-Notebook-PC" name="shopizer.PageSteps.LoginSteps" tests="1" failures="0" timestamp="5 Jun 2017 18:53:51 GMT" time="13.337" errors="0">
  <testcase name="loginTest" time="13.337" classname="shopizer.PageSteps.LoginSteps"/>
</testsuite> <!-- shopizer.PageSteps.LoginSteps -->
