<?xml version="1.0" encoding="UTF-8"?>
<!-- Generated by org.testng.reporters.JUnitReportReporter -->
<testsuite hostname="amir-HP-Pavilion-15-Notebook-PC" name="shopizer.PageSteps.BusinessPageTest" tests="1" failures="0" timestamp="7 Jun 2017 05:43:20 GMT" time="337.276" errors="0">
  <testcase name="TC_004_Verify_ItemOrder_Completion" time="337.276" classname="shopizer.PageSteps.BusinessPageTest"/>
</testsuite> <!-- shopizer.PageSteps.BusinessPageTest -->
