<?xml version="1.0" encoding="UTF-8"?>
<!-- Generated by org.testng.reporters.JUnitReportReporter -->
<testsuite hostname="amir-HP-Pavilion-15-Notebook-PC" name="shopizer.PageSteps.VideoPageTest" tests="1" failures="0" timestamp="28 Mar 2017 18:37:29 GMT" time="20.198" errors="0">
  <testcase name="TC_001_verify_video_streaming" time="20.198" classname="shopizer.PageSteps.VideoPageTest"/>
</testsuite> <!-- shopizer.PageSteps.VideoPageTest -->
