<?xml version="1.0" encoding="UTF-8"?>
<!-- Generated by org.testng.reporters.JUnitReportReporter -->
<testsuite hostname="amir-HP-Pavilion-15-Notebook-PC" name="shopizer.PageSteps.LoginSteps" tests="1" failures="0" timestamp="10 Mar 2017 11:19:03 GMT" time="12.050" errors="0">
  <testcase name="loginTest" time="12.050" classname="shopizer.PageSteps.LoginSteps"/>
</testsuite> <!-- shopizer.PageSteps.LoginSteps -->
