<?xml version="1.0" encoding="UTF-8"?>
<!-- Generated by org.testng.reporters.JUnitReportReporter -->
<testsuite hostname="amir-HP-Pavilion-15-Notebook-PC" name="shopizer.PageSteps.LoginSteps" tests="1" failures="0" timestamp="29 Apr 2017 08:30:10 GMT" time="13.121" errors="0">
  <testcase name="loginTest" time="13.121" classname="shopizer.PageSteps.LoginSteps"/>
</testsuite> <!-- shopizer.PageSteps.LoginSteps -->
