<?xml version="1.0" encoding="UTF-8"?>
<!-- Generated by org.testng.reporters.JUnitReportReporter -->
<testsuite hostname="amir-HP-Pavilion-15-Notebook-PC" name="shopizer.PageSteps.LoginSteps" tests="1" failures="0" timestamp="4 Mar 2017 10:54:33 GMT" time="7.690" errors="0">
  <testcase name="loginTest" time="7.690" classname="shopizer.PageSteps.LoginSteps"/>
</testsuite> <!-- shopizer.PageSteps.LoginSteps -->
