<?xml version="1.0" encoding="UTF-8"?>
<!-- Generated by org.testng.reporters.JUnitReportReporter -->
<testsuite hostname="amir-HP-Pavilion-15-Notebook-PC" name="shopizer.PageSteps.ContactPageTest" tests="1" failures="0" timestamp="29 Apr 2017 08:30:10 GMT" time="51.266" errors="0">
  <testcase name="TC_001_Verify_That_UserCan_sent_query_on_ContactUs_Page" time="51.266" classname="shopizer.PageSteps.ContactPageTest"/>
</testsuite> <!-- shopizer.PageSteps.ContactPageTest -->
