<?xml version="1.0" encoding="UTF-8"?>
<!-- Generated by org.testng.reporters.JUnitReportReporter -->
<testsuite hostname="amir-HP-Pavilion-15-Notebook-PC" name="shopizer.PageSteps.OrderReviewTest" tests="2" failures="0" timestamp="20 Mar 2017 09:37:04 GMT" time="50.547" errors="0">
  <testcase name="TC_01_Verify_that_item_added_to_cart" time="24.496" classname="shopizer.PageSteps.OrderReviewTest"/>
  <testcase name="TC_02_VerifyThat_Item_is_removed_from_cart" time="26.051" classname="shopizer.PageSteps.OrderReviewTest"/>
</testsuite> <!-- shopizer.PageSteps.OrderReviewTest -->
