<?xml version="1.0" encoding="UTF-8"?>
<!-- Generated by org.testng.reporters.JUnitReportReporter -->
<testsuite hostname="amir-HP-Pavilion-15-Notebook-PC" name="shopizer.PageSteps.LoginSteps" tests="1" failures="0" timestamp="20 Mar 2017 09:37:04 GMT" time="12.280" errors="0">
  <testcase name="loginTest" time="12.280" classname="shopizer.PageSteps.LoginSteps"/>
</testsuite> <!-- shopizer.PageSteps.LoginSteps -->
